CRITICAL - 2021-09-21 08:06:01 --> Call to undefined function App\Controllers\showEmployee()
#0 C:\xampp\htdocs\employee\system\CodeIgniter.php(928): App\Controllers\Employee->index()
#1 C:\xampp\htdocs\employee\system\CodeIgniter.php(436): CodeIgniter\CodeIgniter->runController(Object(App\Controllers\Employee))
#2 C:\xampp\htdocs\employee\system\CodeIgniter.php(336): CodeIgniter\CodeIgniter->handleRequest(NULL, Object(Config\Cache), false)
#3 C:\xampp\htdocs\employee\index.php(37): CodeIgniter\CodeIgniter->run()
#4 {main}
CRITICAL - 2021-09-21 08:06:35 --> Call to undefined function App\Controllers\showEmployee()
#0 C:\xampp\htdocs\employee\system\CodeIgniter.php(928): App\Controllers\Employee->index()
#1 C:\xampp\htdocs\employee\system\CodeIgniter.php(436): CodeIgniter\CodeIgniter->runController(Object(App\Controllers\Employee))
#2 C:\xampp\htdocs\employee\system\CodeIgniter.php(336): CodeIgniter\CodeIgniter->handleRequest(NULL, Object(Config\Cache), false)
#3 C:\xampp\htdocs\employee\index.php(37): CodeIgniter\CodeIgniter->run()
#4 {main}
CRITICAL - 2021-09-21 08:07:02 --> Call to undefined function App\Controllers\showEmployee()
#0 C:\xampp\htdocs\employee\system\CodeIgniter.php(928): App\Controllers\Employee->index()
#1 C:\xampp\htdocs\employee\system\CodeIgniter.php(436): CodeIgniter\CodeIgniter->runController(Object(App\Controllers\Employee))
#2 C:\xampp\htdocs\employee\system\CodeIgniter.php(336): CodeIgniter\CodeIgniter->handleRequest(NULL, Object(Config\Cache), false)
#3 C:\xampp\htdocs\employee\index.php(37): CodeIgniter\CodeIgniter->run()
#4 {main}
CRITICAL - 2021-09-21 08:07:04 --> Call to undefined function App\Controllers\showEmployee()
#0 C:\xampp\htdocs\employee\system\CodeIgniter.php(928): App\Controllers\Employee->index()
#1 C:\xampp\htdocs\employee\system\CodeIgniter.php(436): CodeIgniter\CodeIgniter->runController(Object(App\Controllers\Employee))
#2 C:\xampp\htdocs\employee\system\CodeIgniter.php(336): CodeIgniter\CodeIgniter->handleRequest(NULL, Object(Config\Cache), false)
#3 C:\xampp\htdocs\employee\index.php(37): CodeIgniter\CodeIgniter->run()
#4 {main}
CRITICAL - 2021-09-21 08:49:55 --> Array to string conversion
#0 C:\xampp\htdocs\employee\app\Views\header.php(20): CodeIgniter\Debug\Exceptions->errorHandler(2, 'Array to string...', 'C:\\xampp\\htdocs...', 20)
#1 C:\xampp\htdocs\employee\system\View\View.php(230): include('C:\\xampp\\htdocs...')
#2 C:\xampp\htdocs\employee\system\View\View.php(232): CodeIgniter\View\View->CodeIgniter\View\{closure}()
#3 C:\xampp\htdocs\employee\system\Common.php(1271): CodeIgniter\View\View->render('header', Array, true)
#4 C:\xampp\htdocs\employee\app\Controllers\Employee.php(17): view('header')
#5 C:\xampp\htdocs\employee\app\Controllers\Employee.php(10): App\Controllers\Employee->showEmployee(Array)
#6 C:\xampp\htdocs\employee\system\CodeIgniter.php(928): App\Controllers\Employee->index()
#7 C:\xampp\htdocs\employee\system\CodeIgniter.php(436): CodeIgniter\CodeIgniter->runController(Object(App\Controllers\Employee))
#8 C:\xampp\htdocs\employee\system\CodeIgniter.php(336): CodeIgniter\CodeIgniter->handleRequest(NULL, Object(Config\Cache), false)
#9 C:\xampp\htdocs\employee\index.php(37): CodeIgniter\CodeIgniter->run()
#10 {main}
ERROR - 2021-09-21 13:15:42 --> Table 'emp_demo.assessment' doesn't exist
CRITICAL - 2021-09-21 13:15:42 --> Call to a member function getResult() on bool
#0 C:\xampp\htdocs\employee\system\BaseModel.php(603): CodeIgniter\Model->doFindAll(0, 0)
#1 C:\xampp\htdocs\employee\app\Controllers\Employee.php(11): CodeIgniter\BaseModel->findAll()
#2 C:\xampp\htdocs\employee\system\CodeIgniter.php(928): App\Controllers\Employee->index()
#3 C:\xampp\htdocs\employee\system\CodeIgniter.php(436): CodeIgniter\CodeIgniter->runController(Object(App\Controllers\Employee))
#4 C:\xampp\htdocs\employee\system\CodeIgniter.php(336): CodeIgniter\CodeIgniter->handleRequest(NULL, Object(Config\Cache), false)
#5 C:\xampp\htdocs\employee\index.php(37): CodeIgniter\CodeIgniter->run()
#6 {main}
